#
# A fatal error has been detected by the Java Runtime Environment:
#
#  EXCEPTION_ACCESS_VIOLATION (0xc0000005) at pc=0x00007ff997117c96, pid=35772, tid=45800
#
# JRE version: OpenJDK Runtime Environment Corretto-11.0.25.9.1 (11.0.25+9) (build 11.0.25+9-LTS)
# Java VM: OpenJDK 64-Bit Server VM Corretto-11.0.25.9.1 (11.0.25+9-LTS, mixed mode, tiered, compressed oops, g1 gc, windows-amd64)
# Problematic frame:
# V  [jvm.dll+0x267c96]
#
# No core dump will be written. Minidumps are not enabled by default on client versions of Windows
#
# If you would like to submit a bug report, please visit:
#   https://github.com/corretto/corretto-11/issues/
#

---------------  S U M M A R Y ------------

Command Line: -Dfile.encoding=GBK -Duser.country=CN -Duser.language=zh -Duser.variant com.libGdx.test.App.App

Host: AMD Ryzen 7 PRO 7840HS w/ Radeon 780M Graphics , 16 cores, 15G,  Windows 10 , 64 bit Build 19041 (10.0.19041.5072)
Time: Sat Mar  8 15:12:49 2025  Windows 10 , 64 bit Build 19041 (10.0.19041.5072) elapsed time: 3.597766 seconds (0d 0h 0m 3s)

---------------  T H R E A D  ---------------

Current thread (0x000001ff5c39b800):  JavaThread "LWJGL Application" [_thread_in_vm, id=45800, stack(0x0000001626b00000,0x0000001626c00000)]

Stack: [0x0000001626b00000,0x0000001626c00000],  sp=0x0000001626bfeb98,  free space=1018k
Native frames: (J=compiled Java code, j=interpreted, Vv=VM code, C=native code)
V  [jvm.dll+0x267c96]

Java frames: (J=compiled Java code, j=interpreted, Vv=VM code)
J 1387  jdk.internal.misc.Unsafe.copyMemory0(Ljava/lang/Object;JLjava/lang/Object;JJ)V java.base@11.0.25 (0 bytes) @ 0x000001ff4740ef42 [0x000001ff4740eec0+0x0000000000000082]
J 1385 c1 jdk.internal.misc.Unsafe.copyMemory(Ljava/lang/Object;JLjava/lang/Object;JJ)V java.base@11.0.25 (33 bytes) @ 0x000001ff401c673c [0x000001ff401c5ee0+0x000000000000085c]
j  java.nio.DirectShortBufferU.put([SII)Ljava/nio/ShortBuffer;+146 java.base@11.0.25
j  com.badlogic.gdx.graphics.glutils.IndexArray.setIndices([SII)V+15
J 1354 c1 com.badlogic.gdx.graphics.g2d.PolygonSpriteBatch.flush()V (194 bytes) @ 0x000001ff401b9fbc [0x000001ff401b9920+0x000000000000069c]
j  com.badlogic.gdx.graphics.g2d.PolygonSpriteBatch.setShader(Lcom/badlogic/gdx/graphics/glutils/ShaderProgram;)V+8
j  com.libGdx.test.wave.ShockwaveBackground.drawWithShader(Lcom/badlogic/gdx/graphics/g2d/Batch;F)V+77
j  com.libGdx.test.wave.ShockwaveBackground.draw(Lcom/badlogic/gdx/graphics/g2d/Batch;F)V+3
J 1319 c1 com.badlogic.gdx.scenes.scene2d.Group.drawChildren(Lcom/badlogic/gdx/graphics/g2d/Batch;F)V (551 bytes) @ 0x000001ff401a9e4c [0x000001ff401a8fc0+0x0000000000000e8c]
J 1316 c1 com.badlogic.gdx.scenes.scene2d.Group.draw(Lcom/badlogic/gdx/graphics/g2d/Batch;F)V (35 bytes) @ 0x000001ff401a476c [0x000001ff401a41c0+0x00000000000005ac]
j  com.badlogic.gdx.scenes.scene2d.Stage.draw()V+65
j  com.kw.gdx.screen.BaseScreen.render(F)V+11
j  com.kw.gdx.d3.screen.BaseScreen3D.render(F)V+17
j  com.badlogic.gdx.Game.render()V+19
j  com.kw.gdx.BaseGame.render()V+78
j  com.badlogic.gdx.backends.lwjgl.LwjglApplication.mainLoop()V+698
j  com.badlogic.gdx.backends.lwjgl.LwjglApplication$1.run()V+27
v  ~StubRoutines::call_stub

siginfo: EXCEPTION_ACCESS_VIOLATION (0xc0000005), writing address 0x000001ff5e2957b8


Register to memory mapping:

RIP=0x00007ff997117c96 jvm.dll
RAX=0x0000000000000003 is an unknown value
RBX=0x000001ff5c39b800 is a thread
RCX=0x000001ff5e2957b8 is an unknown value
RDX=0x0000000719f412bc is pointing into object: [S 
{0x0000000719f412a8} - klass: {type array short}
 - length: 12000
RSP=0x0000001626bfeb98 is pointing into the stack for thread: 0x000001ff5c39b800
RBP=0x0000000000000010 is an unknown value
RSI=0x0 is NULL
RDI=0x0000001626bfec10 is pointing into the stack for thread: 0x000001ff5c39b800
R8 =0x0000000000000003 is an unknown value
R9 =0x000001ff5e2957b0 is an unknown value
R10=0x00007ff99766d440 jvm.dll
R11=0x000001ff401c5f00 is at entry_point+32 in (nmethod*)0x000001ff401c5c10
R12=0x0 is NULL
R13=0x0000001626bfed90 is pointing into the stack for thread: 0x000001ff5c39b800
R14=0x0000000719f412a8 is an oop: [S 
{0x0000000719f412a8} - klass: {type array short}
 - length: 12000
R15=0x000001ff5c39b800 is a thread


Registers:
RAX=0x0000000000000003, RBX=0x000001ff5c39b800, RCX=0x000001ff5e2957b8, RDX=0x0000000719f412bc
RSP=0x0000001626bfeb98, RBP=0x0000000000000010, RSI=0x0000000000000000, RDI=0x0000001626bfec10
R8 =0x0000000000000003, R9 =0x000001ff5e2957b0, R10=0x00007ff99766d440, R11=0x000001ff401c5f00
R12=0x0000000000000000, R13=0x0000001626bfed90, R14=0x0000000719f412a8, R15=0x000001ff5c39b800
RIP=0x00007ff997117c96, EFLAGS=0x0000000000010206

Top of Stack: (sp=0x0000001626bfeb98)
0x0000001626bfeb98:   00007ff99766d569 000001ff3f81c3b2
0x0000001626bfeba8:   00007ff9972d8165 000001ff00000000
0x0000001626bfebb8:   0000001626bfeef0 0000001626bfee78
0x0000001626bfebc8:   000001ff4740efe2 000000000000081b
0x0000001626bfebd8:   0000001626bfec40 000001ff5e2957b0
0x0000001626bfebe8:   0000000000000000 0000000000000000
0x0000001626bfebf8:   000001ff5e2957b0 000000000000000c
0x0000001626bfec08:   000000071ad08110 0000000719f412a8
0x0000001626bfec18:   000001ff68088158 0000000000000000
0x0000001626bfec28:   0000000000000068 0000000c00000001
0x0000001626bfec38:   0000000000000000 0000001626bfee20
0x0000001626bfec48:   000001ff401c673c 0000000000000000
0x0000001626bfec58:   0000000000000002 0000000000000001
0x0000001626bfec68:   000001ff5edd5c38 0000001626bfecf0
0x0000001626bfec78:   00007ff996fffc43 0000001626bfecf0
0x0000001626bfec88:   00007ff996fffc43 0000000719c6d020 

Instructions: (pc=0x00007ff997117c96)
0x00007ff997117b96:   c0 08 0f b7 c8 48 0b d1 41 c1 e8 10 66 41 c1 c0
0x00007ff997117ba6:   08 48 c1 e2 10 41 0f b7 c0 48 0b d0 49 89 51 f8
0x00007ff997117bb6:   49 3b db 72 a5 48 8b 1c 24 48 83 c4 08 c3 cc cc
0x00007ff997117bc6:   cc cc cc cc cc cc cc cc cc cc 48 8b c1 4c 8b ca
0x00007ff997117bd6:   48 0b c2 49 0b c0 a8 07 75 65 49 c1 e8 03 48 3b
0x00007ff997117be6:   ca 76 29 4d 85 c0 0f 84 1e 01 00 00 48 2b ca 66
0x00007ff997117bf6:   66 66 0f 1f 84 00 00 00 00 00 4a 8b 04 09 49 89
0x00007ff997117c06:   01 4d 8d 49 08 49 83 e8 01 75 ef c3 48 8d 51 f8
0x00007ff997117c16:   49 8d 48 ff 49 8d 0c c9 4a 8d 14 c2 4d 85 c0 0f
0x00007ff997117c26:   84 e5 00 00 00 0f 1f 44 00 00 48 8b 02 48 8d 52
0x00007ff997117c36:   f8 48 89 01 48 8d 49 f8 49 83 e8 01 75 ec c3 a8
0x00007ff997117c46:   03 75 5a 49 c1 e8 02 49 3b c9 76 20 4d 85 c0 0f
0x00007ff997117c56:   84 b5 00 00 00 49 2b c9 66 90 42 8b 04 09 41 89
0x00007ff997117c66:   01 4d 8d 49 04 49 83 e8 01 75 ef c3 48 8d 51 fc
0x00007ff997117c76:   49 8d 48 ff 49 8d 0c 89 4a 8d 14 82 4d 85 c0 0f
0x00007ff997117c86:   84 85 00 00 00 0f 1f 44 00 00 8b 02 48 8d 52 fc
0x00007ff997117c96:   89 01 48 8d 49 fc 49 83 e8 01 75 ee c3 a8 01 75
0x00007ff997117ca6:   5e 49 d1 e8 49 3b c9 76 25 4d 85 c0 74 5c 49 2b
0x00007ff997117cb6:   c9 66 0f 1f 84 00 00 00 00 00 42 0f b7 04 09 66
0x00007ff997117cc6:   41 89 01 4d 8d 49 02 49 83 e8 01 75 ed c3 48 8d
0x00007ff997117cd6:   51 fe 49 8d 48 ff 49 8d 0c 49 4a 8d 14 42 4d 85
0x00007ff997117ce6:   c0 74 27 0f 1f 80 00 00 00 00 0f b7 02 48 8d 52
0x00007ff997117cf6:   fe 66 89 01 48 8d 49 fe 49 83 e8 01 75 ec c3 48
0x00007ff997117d06:   8b d1 49 8b c9 e9 1c 64 5a 00 c3 cc cc cc cc cc
0x00007ff997117d16:   cc cc cc cc cc cc cc cc cc cc e9 bb f5 ff ff cc
0x00007ff997117d26:   cc cc cc cc cc cc cc cc cc cc 40 57 48 8b c1 41
0x00007ff997117d36:   0f b6 f8 48 0b c2 4c 8b c2 4c 8b c9 a8 07 75 2d
0x00007ff997117d46:   8b c7 40 84 ff 74 0e 48 b9 01 01 01 01 01 01 01
0x00007ff997117d56:   01 48 0f af c1 4d 85 c0 74 6f 48 8d 4a ff 49 8b
0x00007ff997117d66:   f9 48 c1 e9 03 48 ff c1 f3 48 ab 5f c3 a8 03 75
0x00007ff997117d76:   26 8b c7 40 84 ff 74 06 69 c0 01 01 01 01 4d 85
0x00007ff997117d86:   c0 74 46 48 8d 4a ff 48 98 48 c1 e9 02 49 8b f9 


Stack slot to memory mapping:
stack at sp + 0 slots: 0x00007ff99766d569 jvm.dll
stack at sp + 1 slots: 0x000001ff3f81c3b2 is at code_begin+114 in an Interpreter codelet
invokevirtual  182 invokevirtual  [0x000001ff3f81c340, 0x000001ff3f81c860]  1312 bytes
stack at sp + 2 slots: 0x00007ff9972d8165 jvm.dll
stack at sp + 3 slots: 0x000001ff00000000 is an unknown value
stack at sp + 4 slots: 0x0000001626bfeef0 is pointing into the stack for thread: 0x000001ff5c39b800
stack at sp + 5 slots: 0x0000001626bfee78 is pointing into the stack for thread: 0x000001ff5c39b800
stack at sp + 6 slots: 0x000001ff4740efe2 is at entry_point+290 in (nmethod*)0x000001ff4740ed10
stack at sp + 7 slots: 0x000000000000081b is an unknown value


---------------  P R O C E S S  ---------------

Threads class SMR info:
_java_thread_list=0x000001ff67311780, length=18, elements={
0x000001ff5b315000, 0x000001ff5bbc2800, 0x000001ff5bc2e000, 0x000001ff5bc31800,
0x000001ff5bc32800, 0x000001ff5bc33800, 0x000001ff5bc35000, 0x000001ff5bc38000,
0x000001ff5bd9e000, 0x000001ff5bdf8000, 0x000001ff5c39b800, 0x000001ff37059800,
0x000001ff671a6800, 0x000001ff67365800, 0x000001ff6728e800, 0x000001ff67288000,
0x000001ff67578000, 0x000001ff67311000
}

Java Threads: ( => current thread )
  0x000001ff5b315000 JavaThread "Reference Handler" daemon [_thread_blocked, id=47688, stack(0x0000001626000000,0x0000001626100000)]
  0x000001ff5bbc2800 JavaThread "Finalizer" daemon [_thread_blocked, id=25044, stack(0x0000001626100000,0x0000001626200000)]
  0x000001ff5bc2e000 JavaThread "Signal Dispatcher" daemon [_thread_blocked, id=36656, stack(0x0000001626200000,0x0000001626300000)]
  0x000001ff5bc31800 JavaThread "Attach Listener" daemon [_thread_blocked, id=51024, stack(0x0000001626300000,0x0000001626400000)]
  0x000001ff5bc32800 JavaThread "Service Thread" daemon [_thread_blocked, id=35560, stack(0x0000001626400000,0x0000001626500000)]
  0x000001ff5bc33800 JavaThread "C2 CompilerThread0" daemon [_thread_blocked, id=40984, stack(0x0000001626500000,0x0000001626600000)]
  0x000001ff5bc35000 JavaThread "C1 CompilerThread0" daemon [_thread_blocked, id=16300, stack(0x0000001626600000,0x0000001626700000)]
  0x000001ff5bc38000 JavaThread "Sweeper thread" daemon [_thread_blocked, id=18020, stack(0x0000001626700000,0x0000001626800000)]
  0x000001ff5bd9e000 JavaThread "C1 CompilerThread1" daemon [_thread_blocked, id=30296, stack(0x0000001626800000,0x0000001626900000)]
  0x000001ff5bdf8000 JavaThread "Common-Cleaner" daemon [_thread_blocked, id=47652, stack(0x0000001626a00000,0x0000001626b00000)]
=>0x000001ff5c39b800 JavaThread "LWJGL Application" [_thread_in_vm, id=45800, stack(0x0000001626b00000,0x0000001626c00000)]
  0x000001ff37059800 JavaThread "DestroyJavaVM" [_thread_blocked, id=48468, stack(0x0000001625900000,0x0000001625a00000)]
  0x000001ff671a6800 JavaThread "C1 CompilerThread2" daemon [_thread_blocked, id=29280, stack(0x0000001627400000,0x0000001627500000)]
  0x000001ff67365800 JavaThread "C1 CompilerThread3" daemon [_thread_blocked, id=48704, stack(0x0000001627500000,0x0000001627600000)]
  0x000001ff6728e800 JavaThread "Java2D Disposer" daemon [_thread_blocked, id=12760, stack(0x0000001627800000,0x0000001627900000)]
  0x000001ff67288000 JavaThread "AWT-Windows" daemon [_thread_in_native, id=50884, stack(0x0000001627a00000,0x0000001627b00000)]
  0x000001ff67578000 JavaThread "LWJGL Timer" daemon [_thread_blocked, id=46800, stack(0x0000001627b00000,0x0000001627c00000)]
  0x000001ff67311000 JavaThread "AsynchExecutor-Thread" daemon [_thread_blocked, id=9512, stack(0x0000001628000000,0x0000001628100000)]

Other Threads:
  0x000001ff5b311800 VMThread "VM Thread" [stack: 0x0000001625f00000,0x0000001626000000] [id=20304]
  0x000001ff5bdf0800 WatcherThread [stack: 0x0000001626900000,0x0000001626a00000] [id=48284]
  0x000001ff3706e800 GCTaskThread "GC Thread#0" [stack: 0x0000001625a00000,0x0000001625b00000] [id=9172]
  0x000001ff370cb000 ConcurrentGCThread "G1 Main Marker" [stack: 0x0000001625b00000,0x0000001625c00000] [id=48504]
  0x000001ff370cc800 ConcurrentGCThread "G1 Conc#0" [stack: 0x0000001625c00000,0x0000001625d00000] [id=36044]
  0x000001ff5b1fe800 ConcurrentGCThread "G1 Refine#0" [stack: 0x0000001625d00000,0x0000001625e00000] [id=25704]
  0x000001ff5b1ff800 ConcurrentGCThread "G1 Young RemSet Sampling" [stack: 0x0000001625e00000,0x0000001625f00000] [id=47764]

Threads with active compile tasks:

VM state:not at safepoint (normal execution)

VM Mutex/Monitor currently owned by a thread: None

Heap address: 0x000000070b800000, size: 3912 MB, Compressed Oops mode: Zero based, Oop shift amount: 3
Narrow klass base: 0x0000000800000000, Narrow klass shift: 0
Compressed class space size: 1073741824 Address: 0x0000000800000000

Heap:
 garbage-first heap   total 251904K, used 23552K [0x000000070b800000, 0x0000000800000000)
  region size 1024K, 23 young (23552K), 0 survivors (0K)
 Metaspace       used 14589K, capacity 14862K, committed 14976K, reserved 1062912K
  class space    used 1264K, capacity 1346K, committed 1408K, reserved 1048576K
Heap Regions: E=young(eden), S=young(survivor), O=old, HS=humongous(starts), HC=humongous(continues), CS=collection set, F=free, A=archive, TAMS=top-at-mark-start (previous, next)
|   0|0x000000070b800000, 0x000000070b900000, 0x000000070b900000|100%|HS|  |TAMS 0x000000070b800000, 0x000000070b800000| Complete 
|   1|0x000000070b900000, 0x000000070ba00000, 0x000000070ba00000|100%|HS|  |TAMS 0x000000070b900000, 0x000000070b900000| Complete 
|   2|0x000000070ba00000, 0x000000070ba00000, 0x000000070bb00000|  0%| F|  |TAMS 0x000000070ba00000, 0x000000070ba00000| Untracked 
|   3|0x000000070bb00000, 0x000000070bb00000, 0x000000070bc00000|  0%| F|  |TAMS 0x000000070bb00000, 0x000000070bb00000| Untracked 
|   4|0x000000070bc00000, 0x000000070bc00000, 0x000000070bd00000|  0%| F|  |TAMS 0x000000070bc00000, 0x000000070bc00000| Untracked 
|   5|0x000000070bd00000, 0x000000070bd00000, 0x000000070be00000|  0%| F|  |TAMS 0x000000070bd00000, 0x000000070bd00000| Untracked 
|   6|0x000000070be00000, 0x000000070be00000, 0x000000070bf00000|  0%| F|  |TAMS 0x000000070be00000, 0x000000070be00000| Untracked 
|   7|0x000000070bf00000, 0x000000070bf00000, 0x000000070c000000|  0%| F|  |TAMS 0x000000070bf00000, 0x000000070bf00000| Untracked 
|   8|0x000000070c000000, 0x000000070c000000, 0x000000070c100000|  0%| F|  |TAMS 0x000000070c000000, 0x000000070c000000| Untracked 
|   9|0x000000070c100000, 0x000000070c100000, 0x000000070c200000|  0%| F|  |TAMS 0x000000070c100000, 0x000000070c100000| Untracked 
|  10|0x000000070c200000, 0x000000070c200000, 0x000000070c300000|  0%| F|  |TAMS 0x000000070c200000, 0x000000070c200000| Untracked 
|  11|0x000000070c300000, 0x000000070c300000, 0x000000070c400000|  0%| F|  |TAMS 0x000000070c300000, 0x000000070c300000| Untracked 
|  12|0x000000070c400000, 0x000000070c400000, 0x000000070c500000|  0%| F|  |TAMS 0x000000070c400000, 0x000000070c400000| Untracked 
|  13|0x000000070c500000, 0x000000070c500000, 0x000000070c600000|  0%| F|  |TAMS 0x000000070c500000, 0x000000070c500000| Untracked 
|  14|0x000000070c600000, 0x000000070c600000, 0x000000070c700000|  0%| F|  |TAMS 0x000000070c600000, 0x000000070c600000| Untracked 
|  15|0x000000070c700000, 0x000000070c700000, 0x000000070c800000|  0%| F|  |TAMS 0x000000070c700000, 0x000000070c700000| Untracked 
|  16|0x000000070c800000, 0x000000070c800000, 0x000000070c900000|  0%| F|  |TAMS 0x000000070c800000, 0x000000070c800000| Untracked 
|  17|0x000000070c900000, 0x000000070c900000, 0x000000070ca00000|  0%| F|  |TAMS 0x000000070c900000, 0x000000070c900000| Untracked 
|  18|0x000000070ca00000, 0x000000070ca00000, 0x000000070cb00000|  0%| F|  |TAMS 0x000000070ca00000, 0x000000070ca00000| Untracked 
|  19|0x000000070cb00000, 0x000000070cb00000, 0x000000070cc00000|  0%| F|  |TAMS 0x000000070cb00000, 0x000000070cb00000| Untracked 
|  20|0x000000070cc00000, 0x000000070cc00000, 0x000000070cd00000|  0%| F|  |TAMS 0x000000070cc00000, 0x000000070cc00000| Untracked 
|  21|0x000000070cd00000, 0x000000070cd00000, 0x000000070ce00000|  0%| F|  |TAMS 0x000000070cd00000, 0x000000070cd00000| Untracked 
|  22|0x000000070ce00000, 0x000000070ce00000, 0x000000070cf00000|  0%| F|  |TAMS 0x000000070ce00000, 0x000000070ce00000| Untracked 
|  23|0x000000070cf00000, 0x000000070cf00000, 0x000000070d000000|  0%| F|  |TAMS 0x000000070cf00000, 0x000000070cf00000| Untracked 
|  24|0x000000070d000000, 0x000000070d000000, 0x000000070d100000|  0%| F|  |TAMS 0x000000070d000000, 0x000000070d000000| Untracked 
|  25|0x000000070d100000, 0x000000070d100000, 0x000000070d200000|  0%| F|  |TAMS 0x000000070d100000, 0x000000070d100000| Untracked 
|  26|0x000000070d200000, 0x000000070d200000, 0x000000070d300000|  0%| F|  |TAMS 0x000000070d200000, 0x000000070d200000| Untracked 
|  27|0x000000070d300000, 0x000000070d300000, 0x000000070d400000|  0%| F|  |TAMS 0x000000070d300000, 0x000000070d300000| Untracked 
|  28|0x000000070d400000, 0x000000070d400000, 0x000000070d500000|  0%| F|  |TAMS 0x000000070d400000, 0x000000070d400000| Untracked 
|  29|0x000000070d500000, 0x000000070d500000, 0x000000070d600000|  0%| F|  |TAMS 0x000000070d500000, 0x000000070d500000| Untracked 
|  30|0x000000070d600000, 0x000000070d600000, 0x000000070d700000|  0%| F|  |TAMS 0x000000070d600000, 0x000000070d600000| Untracked 
|  31|0x000000070d700000, 0x000000070d700000, 0x000000070d800000|  0%| F|  |TAMS 0x000000070d700000, 0x000000070d700000| Untracked 
|  32|0x000000070d800000, 0x000000070d800000, 0x000000070d900000|  0%| F|  |TAMS 0x000000070d800000, 0x000000070d800000| Untracked 
|  33|0x000000070d900000, 0x000000070d900000, 0x000000070da00000|  0%| F|  |TAMS 0x000000070d900000, 0x000000070d900000| Untracked 
|  34|0x000000070da00000, 0x000000070da00000, 0x000000070db00000|  0%| F|  |TAMS 0x000000070da00000, 0x000000070da00000| Untracked 
|  35|0x000000070db00000, 0x000000070db00000, 0x000000070dc00000|  0%| F|  |TAMS 0x000000070db00000, 0x000000070db00000| Untracked 
|  36|0x000000070dc00000, 0x000000070dc00000, 0x000000070dd00000|  0%| F|  |TAMS 0x000000070dc00000, 0x000000070dc00000| Untracked 
|  37|0x000000070dd00000, 0x000000070dd00000, 0x000000070de00000|  0%| F|  |TAMS 0x000000070dd00000, 0x000000070dd00000| Untracked 
|  38|0x000000070de00000, 0x000000070de00000, 0x000000070df00000|  0%| F|  |TAMS 0x000000070de00000, 0x000000070de00000| Untracked 
|  39|0x000000070df00000, 0x000000070df00000, 0x000000070e000000|  0%| F|  |TAMS 0x000000070df00000, 0x000000070df00000| Untracked 
|  40|0x000000070e000000, 0x000000070e000000, 0x000000070e100000|  0%| F|  |TAMS 0x000000070e000000, 0x000000070e000000| Untracked 
|  41|0x000000070e100000, 0x000000070e100000, 0x000000070e200000|  0%| F|  |TAMS 0x000000070e100000, 0x000000070e100000| Untracked 
|  42|0x000000070e200000, 0x000000070e200000, 0x000000070e300000|  0%| F|  |TAMS 0x000000070e200000, 0x000000070e200000| Untracked 
|  43|0x000000070e300000, 0x000000070e300000, 0x000000070e400000|  0%| F|  |TAMS 0x000000070e300000, 0x000000070e300000| Untracked 
|  44|0x000000070e400000, 0x000000070e400000, 0x000000070e500000|  0%| F|  |TAMS 0x000000070e400000, 0x000000070e400000| Untracked 
|  45|0x000000070e500000, 0x000000070e500000, 0x000000070e600000|  0%| F|  |TAMS 0x000000070e500000, 0x000000070e500000| Untracked 
|  46|0x000000070e600000, 0x000000070e600000, 0x000000070e700000|  0%| F|  |TAMS 0x000000070e600000, 0x000000070e600000| Untracked 
|  47|0x000000070e700000, 0x000000070e700000, 0x000000070e800000|  0%| F|  |TAMS 0x000000070e700000, 0x000000070e700000| Untracked 
|  48|0x000000070e800000, 0x000000070e800000, 0x000000070e900000|  0%| F|  |TAMS 0x000000070e800000, 0x000000070e800000| Untracked 
|  49|0x000000070e900000, 0x000000070e900000, 0x000000070ea00000|  0%| F|  |TAMS 0x000000070e900000, 0x000000070e900000| Untracked 
|  50|0x000000070ea00000, 0x000000070ea00000, 0x000000070eb00000|  0%| F|  |TAMS 0x000000070ea00000, 0x000000070ea00000| Untracked 
|  51|0x000000070eb00000, 0x000000070eb00000, 0x000000070ec00000|  0%| F|  |TAMS 0x000000070eb00000, 0x000000070eb00000| Untracked 
|  52|0x000000070ec00000, 0x000000070ec00000, 0x000000070ed00000|  0%| F|  |TAMS 0x000000070ec00000, 0x000000070ec00000| Untracked 
|  53|0x000000070ed00000, 0x000000070ed00000, 0x000000070ee00000|  0%| F|  |TAMS 0x000000070ed00000, 0x000000070ed00000| Untracked 
|  54|0x000000070ee00000, 0x000000070ee00000, 0x000000070ef00000|  0%| F|  |TAMS 0x000000070ee00000, 0x000000070ee00000| Untracked 
|  55|0x000000070ef00000, 0x000000070ef00000, 0x000000070f000000|  0%| F|  |TAMS 0x000000070ef00000, 0x000000070ef00000| Untracked 
|  56|0x000000070f000000, 0x000000070f000000, 0x000000070f100000|  0%| F|  |TAMS 0x000000070f000000, 0x000000070f000000| Untracked 
|  57|0x000000070f100000, 0x000000070f100000, 0x000000070f200000|  0%| F|  |TAMS 0x000000070f100000, 0x000000070f100000| Untracked 
|  58|0x000000070f200000, 0x000000070f200000, 0x000000070f300000|  0%| F|  |TAMS 0x000000070f200000, 0x000000070f200000| Untracked 
|  59|0x000000070f300000, 0x000000070f300000, 0x000000070f400000|  0%| F|  |TAMS 0x000000070f300000, 0x000000070f300000| Untracked 
|  60|0x000000070f400000, 0x000000070f400000, 0x000000070f500000|  0%| F|  |TAMS 0x000000070f400000, 0x000000070f400000| Untracked 
|  61|0x000000070f500000, 0x000000070f500000, 0x000000070f600000|  0%| F|  |TAMS 0x000000070f500000, 0x000000070f500000| Untracked 
|  62|0x000000070f600000, 0x000000070f600000, 0x000000070f700000|  0%| F|  |TAMS 0x000000070f600000, 0x000000070f600000| Untracked 
|  63|0x000000070f700000, 0x000000070f700000, 0x000000070f800000|  0%| F|  |TAMS 0x000000070f700000, 0x000000070f700000| Untracked 
|  64|0x000000070f800000, 0x000000070f800000, 0x000000070f900000|  0%| F|  |TAMS 0x000000070f800000, 0x000000070f800000| Untracked 
|  65|0x000000070f900000, 0x000000070f900000, 0x000000070fa00000|  0%| F|  |TAMS 0x000000070f900000, 0x000000070f900000| Untracked 
|  66|0x000000070fa00000, 0x000000070fa00000, 0x000000070fb00000|  0%| F|  |TAMS 0x000000070fa00000, 0x000000070fa00000| Untracked 
|  67|0x000000070fb00000, 0x000000070fb00000, 0x000000070fc00000|  0%| F|  |TAMS 0x000000070fb00000, 0x000000070fb00000| Untracked 
|  68|0x000000070fc00000, 0x000000070fc00000, 0x000000070fd00000|  0%| F|  |TAMS 0x000000070fc00000, 0x000000070fc00000| Untracked 
|  69|0x000000070fd00000, 0x000000070fd00000, 0x000000070fe00000|  0%| F|  |TAMS 0x000000070fd00000, 0x000000070fd00000| Untracked 
|  70|0x000000070fe00000, 0x000000070fe00000, 0x000000070ff00000|  0%| F|  |TAMS 0x000000070fe00000, 0x000000070fe00000| Untracked 
|  71|0x000000070ff00000, 0x000000070ff00000, 0x0000000710000000|  0%| F|  |TAMS 0x000000070ff00000, 0x000000070ff00000| Untracked 
|  72|0x0000000710000000, 0x0000000710000000, 0x0000000710100000|  0%| F|  |TAMS 0x0000000710000000, 0x0000000710000000| Untracked 
|  73|0x0000000710100000, 0x0000000710100000, 0x0000000710200000|  0%| F|  |TAMS 0x0000000710100000, 0x0000000710100000| Untracked 
|  74|0x0000000710200000, 0x0000000710200000, 0x0000000710300000|  0%| F|  |TAMS 0x0000000710200000, 0x0000000710200000| Untracked 
|  75|0x0000000710300000, 0x0000000710300000, 0x0000000710400000|  0%| F|  |TAMS 0x0000000710300000, 0x0000000710300000| Untracked 
|  76|0x0000000710400000, 0x0000000710400000, 0x0000000710500000|  0%| F|  |TAMS 0x0000000710400000, 0x0000000710400000| Untracked 
|  77|0x0000000710500000, 0x0000000710500000, 0x0000000710600000|  0%| F|  |TAMS 0x0000000710500000, 0x0000000710500000| Untracked 
|  78|0x0000000710600000, 0x0000000710600000, 0x0000000710700000|  0%| F|  |TAMS 0x0000000710600000, 0x0000000710600000| Untracked 
|  79|0x0000000710700000, 0x0000000710700000, 0x0000000710800000|  0%| F|  |TAMS 0x0000000710700000, 0x0000000710700000| Untracked 
|  80|0x0000000710800000, 0x0000000710800000, 0x0000000710900000|  0%| F|  |TAMS 0x0000000710800000, 0x0000000710800000| Untracked 
|  81|0x0000000710900000, 0x0000000710900000, 0x0000000710a00000|  0%| F|  |TAMS 0x0000000710900000, 0x0000000710900000| Untracked 
|  82|0x0000000710a00000, 0x0000000710a00000, 0x0000000710b00000|  0%| F|  |TAMS 0x0000000710a00000, 0x0000000710a00000| Untracked 
|  83|0x0000000710b00000, 0x0000000710b00000, 0x0000000710c00000|  0%| F|  |TAMS 0x0000000710b00000, 0x0000000710b00000| Untracked 
|  84|0x0000000710c00000, 0x0000000710c00000, 0x0000000710d00000|  0%| F|  |TAMS 0x0000000710c00000, 0x0000000710c00000| Untracked 
|  85|0x0000000710d00000, 0x0000000710d00000, 0x0000000710e00000|  0%| F|  |TAMS 0x0000000710d00000, 0x0000000710d00000| Untracked 
|  86|0x0000000710e00000, 0x0000000710e00000, 0x0000000710f00000|  0%| F|  |TAMS 0x0000000710e00000, 0x0000000710e00000| Untracked 
|  87|0x0000000710f00000, 0x0000000710f00000, 0x0000000711000000|  0%| F|  |TAMS 0x0000000710f00000, 0x0000000710f00000| Untracked 
|  88|0x0000000711000000, 0x0000000711000000, 0x0000000711100000|  0%| F|  |TAMS 0x0000000711000000, 0x0000000711000000| Untracked 
|  89|0x0000000711100000, 0x0000000711100000, 0x0000000711200000|  0%| F|  |TAMS 0x0000000711100000, 0x0000000711100000| Untracked 
|  90|0x0000000711200000, 0x0000000711200000, 0x0000000711300000|  0%| F|  |TAMS 0x0000000711200000, 0x0000000711200000| Untracked 
|  91|0x0000000711300000, 0x0000000711300000, 0x0000000711400000|  0%| F|  |TAMS 0x0000000711300000, 0x0000000711300000| Untracked 
|  92|0x0000000711400000, 0x0000000711400000, 0x0000000711500000|  0%| F|  |TAMS 0x0000000711400000, 0x0000000711400000| Untracked 
|  93|0x0000000711500000, 0x0000000711500000, 0x0000000711600000|  0%| F|  |TAMS 0x0000000711500000, 0x0000000711500000| Untracked 
|  94|0x0000000711600000, 0x0000000711600000, 0x0000000711700000|  0%| F|  |TAMS 0x0000000711600000, 0x0000000711600000| Untracked 
|  95|0x0000000711700000, 0x0000000711700000, 0x0000000711800000|  0%| F|  |TAMS 0x0000000711700000, 0x0000000711700000| Untracked 
|  96|0x0000000711800000, 0x0000000711800000, 0x0000000711900000|  0%| F|  |TAMS 0x0000000711800000, 0x0000000711800000| Untracked 
|  97|0x0000000711900000, 0x0000000711900000, 0x0000000711a00000|  0%| F|  |TAMS 0x0000000711900000, 0x0000000711900000| Untracked 
|  98|0x0000000711a00000, 0x0000000711a00000, 0x0000000711b00000|  0%| F|  |TAMS 0x0000000711a00000, 0x0000000711a00000| Untracked 
|  99|0x0000000711b00000, 0x0000000711b00000, 0x0000000711c00000|  0%| F|  |TAMS 0x0000000711b00000, 0x0000000711b00000| Untracked 
| 100|0x0000000711c00000, 0x0000000711c00000, 0x0000000711d00000|  0%| F|  |TAMS 0x0000000711c00000, 0x0000000711c00000| Untracked 
| 101|0x0000000711d00000, 0x0000000711d00000, 0x0000000711e00000|  0%| F|  |TAMS 0x0000000711d00000, 0x0000000711d00000| Untracked 
| 102|0x0000000711e00000, 0x0000000711e00000, 0x0000000711f00000|  0%| F|  |TAMS 0x0000000711e00000, 0x0000000711e00000| Untracked 
| 103|0x0000000711f00000, 0x0000000711f00000, 0x0000000712000000|  0%| F|  |TAMS 0x0000000711f00000, 0x0000000711f00000| Untracked 
| 104|0x0000000712000000, 0x0000000712000000, 0x0000000712100000|  0%| F|  |TAMS 0x0000000712000000, 0x0000000712000000| Untracked 
| 105|0x0000000712100000, 0x0000000712100000, 0x0000000712200000|  0%| F|  |TAMS 0x0000000712100000, 0x0000000712100000| Untracked 
| 106|0x0000000712200000, 0x0000000712200000, 0x0000000712300000|  0%| F|  |TAMS 0x0000000712200000, 0x0000000712200000| Untracked 
| 107|0x0000000712300000, 0x0000000712300000, 0x0000000712400000|  0%| F|  |TAMS 0x0000000712300000, 0x0000000712300000| Untracked 
| 108|0x0000000712400000, 0x0000000712400000, 0x0000000712500000|  0%| F|  |TAMS 0x0000000712400000, 0x0000000712400000| Untracked 
| 109|0x0000000712500000, 0x0000000712500000, 0x0000000712600000|  0%| F|  |TAMS 0x0000000712500000, 0x0000000712500000| Untracked 
| 110|0x0000000712600000, 0x0000000712600000, 0x0000000712700000|  0%| F|  |TAMS 0x0000000712600000, 0x0000000712600000| Untracked 
| 111|0x0000000712700000, 0x0000000712700000, 0x0000000712800000|  0%| F|  |TAMS 0x0000000712700000, 0x0000000712700000| Untracked 
| 112|0x0000000712800000, 0x0000000712800000, 0x0000000712900000|  0%| F|  |TAMS 0x0000000712800000, 0x0000000712800000| Untracked 
| 113|0x0000000712900000, 0x0000000712900000, 0x0000000712a00000|  0%| F|  |TAMS 0x0000000712900000, 0x0000000712900000| Untracked 
| 114|0x0000000712a00000, 0x0000000712a00000, 0x0000000712b00000|  0%| F|  |TAMS 0x0000000712a00000, 0x0000000712a00000| Untracked 
| 115|0x0000000712b00000, 0x0000000712b00000, 0x0000000712c00000|  0%| F|  |TAMS 0x0000000712b00000, 0x0000000712b00000| Untracked 
| 116|0x0000000712c00000, 0x0000000712c00000, 0x0000000712d00000|  0%| F|  |TAMS 0x0000000712c00000, 0x0000000712c00000| Untracked 
| 117|0x0000000712d00000, 0x0000000712d00000, 0x0000000712e00000|  0%| F|  |TAMS 0x0000000712d00000, 0x0000000712d00000| Untracked 
| 118|0x0000000712e00000, 0x0000000712e00000, 0x0000000712f00000|  0%| F|  |TAMS 0x0000000712e00000, 0x0000000712e00000| Untracked 
| 119|0x0000000712f00000, 0x0000000712f00000, 0x0000000713000000|  0%| F|  |TAMS 0x0000000712f00000, 0x0000000712f00000| Untracked 
| 120|0x0000000713000000, 0x0000000713000000, 0x0000000713100000|  0%| F|  |TAMS 0x0000000713000000, 0x0000000713000000| Untracked 
| 121|0x0000000713100000, 0x0000000713100000, 0x0000000713200000|  0%| F|  |TAMS 0x0000000713100000, 0x0000000713100000| Untracked 
| 122|0x0000000713200000, 0x0000000713200000, 0x0000000713300000|  0%| F|  |TAMS 0x0000000713200000, 0x0000000713200000| Untracked 
| 123|0x0000000713300000, 0x0000000713300000, 0x0000000713400000|  0%| F|  |TAMS 0x0000000713300000, 0x0000000713300000| Untracked 
| 124|0x0000000713400000, 0x0000000713400000, 0x0000000713500000|  0%| F|  |TAMS 0x0000000713400000, 0x0000000713400000| Untracked 
| 125|0x0000000713500000, 0x0000000713500000, 0x0000000713600000|  0%| F|  |TAMS 0x0000000713500000, 0x0000000713500000| Untracked 
| 126|0x0000000713600000, 0x0000000713600000, 0x0000000713700000|  0%| F|  |TAMS 0x0000000713600000, 0x0000000713600000| Untracked 
| 127|0x0000000713700000, 0x0000000713700000, 0x0000000713800000|  0%| F|  |TAMS 0x0000000713700000, 0x0000000713700000| Untracked 
| 128|0x0000000713800000, 0x0000000713800000, 0x0000000713900000|  0%| F|  |TAMS 0x0000000713800000, 0x0000000713800000| Untracked 
| 129|0x0000000713900000, 0x0000000713900000, 0x0000000713a00000|  0%| F|  |TAMS 0x0000000713900000, 0x0000000713900000| Untracked 
| 130|0x0000000713a00000, 0x0000000713a00000, 0x0000000713b00000|  0%| F|  |TAMS 0x0000000713a00000, 0x0000000713a00000| Untracked 
| 131|0x0000000713b00000, 0x0000000713b00000, 0x0000000713c00000|  0%| F|  |TAMS 0x0000000713b00000, 0x0000000713b00000| Untracked 
| 132|0x0000000713c00000, 0x0000000713c00000, 0x0000000713d00000|  0%| F|  |TAMS 0x0000000713c00000, 0x0000000713c00000| Untracked 
| 133|0x0000000713d00000, 0x0000000713d00000, 0x0000000713e00000|  0%| F|  |TAMS 0x0000000713d00000, 0x0000000713d00000| Untracked 
| 134|0x0000000713e00000, 0x0000000713e00000, 0x0000000713f00000|  0%| F|  |TAMS 0x0000000713e00000, 0x0000000713e00000| Untracked 
| 135|0x0000000713f00000, 0x0000000713f00000, 0x0000000714000000|  0%| F|  |TAMS 0x0000000713f00000, 0x0000000713f00000| Untracked 
| 136|0x0000000714000000, 0x0000000714000000, 0x0000000714100000|  0%| F|  |TAMS 0x0000000714000000, 0x0000000714000000| Untracked 
| 137|0x0000000714100000, 0x0000000714100000, 0x0000000714200000|  0%| F|  |TAMS 0x0000000714100000, 0x0000000714100000| Untracked 
| 138|0x0000000714200000, 0x0000000714200000, 0x0000000714300000|  0%| F|  |TAMS 0x0000000714200000, 0x0000000714200000| Untracked 
| 139|0x0000000714300000, 0x0000000714300000, 0x0000000714400000|  0%| F|  |TAMS 0x0000000714300000, 0x0000000714300000| Untracked 
| 140|0x0000000714400000, 0x0000000714400000, 0x0000000714500000|  0%| F|  |TAMS 0x0000000714400000, 0x0000000714400000| Untracked 
| 141|0x0000000714500000, 0x0000000714500000, 0x0000000714600000|  0%| F|  |TAMS 0x0000000714500000, 0x0000000714500000| Untracked 
| 142|0x0000000714600000, 0x0000000714600000, 0x0000000714700000|  0%| F|  |TAMS 0x0000000714600000, 0x0000000714600000| Untracked 
| 143|0x0000000714700000, 0x0000000714700000, 0x0000000714800000|  0%| F|  |TAMS 0x0000000714700000, 0x0000000714700000| Untracked 
| 144|0x0000000714800000, 0x0000000714800000, 0x0000000714900000|  0%| F|  |TAMS 0x0000000714800000, 0x0000000714800000| Untracked 
| 145|0x0000000714900000, 0x0000000714900000, 0x0000000714a00000|  0%| F|  |TAMS 0x0000000714900000, 0x0000000714900000| Untracked 
| 146|0x0000000714a00000, 0x0000000714a00000, 0x0000000714b00000|  0%| F|  |TAMS 0x0000000714a00000, 0x0000000714a00000| Untracked 
| 147|0x0000000714b00000, 0x0000000714b00000, 0x0000000714c00000|  0%| F|  |TAMS 0x0000000714b00000, 0x0000000714b00000| Untracked 
| 148|0x0000000714c00000, 0x0000000714c00000, 0x0000000714d00000|  0%| F|  |TAMS 0x0000000714c00000, 0x0000000714c00000| Untracked 
| 149|0x0000000714d00000, 0x0000000714d00000, 0x0000000714e00000|  0%| F|  |TAMS 0x0000000714d00000, 0x0000000714d00000| Untracked 
| 150|0x0000000714e00000, 0x0000000714e00000, 0x0000000714f00000|  0%| F|  |TAMS 0x0000000714e00000, 0x0000000714e00000| Untracked 
| 151|0x0000000714f00000, 0x0000000714f00000, 0x0000000715000000|  0%| F|  |TAMS 0x0000000714f00000, 0x0000000714f00000| Untracked 
| 152|0x0000000715000000, 0x0000000715000000, 0x0000000715100000|  0%| F|  |TAMS 0x0000000715000000, 0x0000000715000000| Untracked 
| 153|0x0000000715100000, 0x0000000715100000, 0x0000000715200000|  0%| F|  |TAMS 0x0000000715100000, 0x0000000715100000| Untracked 
| 154|0x0000000715200000, 0x0000000715200000, 0x0000000715300000|  0%| F|  |TAMS 0x0000000715200000, 0x0000000715200000| Untracked 
| 155|0x0000000715300000, 0x0000000715300000, 0x0000000715400000|  0%| F|  |TAMS 0x0000000715300000, 0x0000000715300000| Untracked 
| 156|0x0000000715400000, 0x0000000715400000, 0x0000000715500000|  0%| F|  |TAMS 0x0000000715400000, 0x0000000715400000| Untracked 
| 157|0x0000000715500000, 0x0000000715500000, 0x0000000715600000|  0%| F|  |TAMS 0x0000000715500000, 0x0000000715500000| Untracked 
| 158|0x0000000715600000, 0x0000000715600000, 0x0000000715700000|  0%| F|  |TAMS 0x0000000715600000, 0x0000000715600000| Untracked 
| 159|0x0000000715700000, 0x0000000715700000, 0x0000000715800000|  0%| F|  |TAMS 0x0000000715700000, 0x0000000715700000| Untracked 
| 160|0x0000000715800000, 0x0000000715800000, 0x0000000715900000|  0%| F|  |TAMS 0x0000000715800000, 0x0000000715800000| Untracked 
| 161|0x0000000715900000, 0x0000000715900000, 0x0000000715a00000|  0%| F|  |TAMS 0x0000000715900000, 0x0000000715900000| Untracked 
| 162|0x0000000715a00000, 0x0000000715a00000, 0x0000000715b00000|  0%| F|  |TAMS 0x0000000715a00000, 0x0000000715a00000| Untracked 
| 163|0x0000000715b00000, 0x0000000715b00000, 0x0000000715c00000|  0%| F|  |TAMS 0x0000000715b00000, 0x0000000715b00000| Untracked 
| 164|0x0000000715c00000, 0x0000000715c00000, 0x0000000715d00000|  0%| F|  |TAMS 0x0000000715c00000, 0x0000000715c00000| Untracked 
| 165|0x0000000715d00000, 0x0000000715d00000, 0x0000000715e00000|  0%| F|  |TAMS 0x0000000715d00000, 0x0000000715d00000| Untracked 
| 166|0x0000000715e00000, 0x0000000715e00000, 0x0000000715f00000|  0%| F|  |TAMS 0x0000000715e00000, 0x0000000715e00000| Untracked 
| 167|0x0000000715f00000, 0x0000000715f00000, 0x0000000716000000|  0%| F|  |TAMS 0x0000000715f00000, 0x0000000715f00000| Untracked 
| 168|0x0000000716000000, 0x0000000716000000, 0x0000000716100000|  0%| F|  |TAMS 0x0000000716000000, 0x0000000716000000| Untracked 
| 169|0x0000000716100000, 0x0000000716100000, 0x0000000716200000|  0%| F|  |TAMS 0x0000000716100000, 0x0000000716100000| Untracked 
| 170|0x0000000716200000, 0x0000000716200000, 0x0000000716300000|  0%| F|  |TAMS 0x0000000716200000, 0x0000000716200000| Untracked 
| 171|0x0000000716300000, 0x0000000716300000, 0x0000000716400000|  0%| F|  |TAMS 0x0000000716300000, 0x0000000716300000| Untracked 
| 172|0x0000000716400000, 0x0000000716400000, 0x0000000716500000|  0%| F|  |TAMS 0x0000000716400000, 0x0000000716400000| Untracked 
| 173|0x0000000716500000, 0x0000000716500000, 0x0000000716600000|  0%| F|  |TAMS 0x0000000716500000, 0x0000000716500000| Untracked 
| 174|0x0000000716600000, 0x0000000716600000, 0x0000000716700000|  0%| F|  |TAMS 0x0000000716600000, 0x0000000716600000| Untracked 
| 175|0x0000000716700000, 0x0000000716700000, 0x0000000716800000|  0%| F|  |TAMS 0x0000000716700000, 0x0000000716700000| Untracked 
| 176|0x0000000716800000, 0x0000000716800000, 0x0000000716900000|  0%| F|  |TAMS 0x0000000716800000, 0x0000000716800000| Untracked 
| 177|0x0000000716900000, 0x0000000716900000, 0x0000000716a00000|  0%| F|  |TAMS 0x0000000716900000, 0x0000000716900000| Untracked 
| 178|0x0000000716a00000, 0x0000000716a00000, 0x0000000716b00000|  0%| F|  |TAMS 0x0000000716a00000, 0x0000000716a00000| Untracked 
| 179|0x0000000716b00000, 0x0000000716b00000, 0x0000000716c00000|  0%| F|  |TAMS 0x0000000716b00000, 0x0000000716b00000| Untracked 
| 180|0x0000000716c00000, 0x0000000716c00000, 0x0000000716d00000|  0%| F|  |TAMS 0x0000000716c00000, 0x0000000716c00000| Untracked 
| 181|0x0000000716d00000, 0x0000000716d00000, 0x0000000716e00000|  0%| F|  |TAMS 0x0000000716d00000, 0x0000000716d00000| Untracked 
| 182|0x0000000716e00000, 0x0000000716e00000, 0x0000000716f00000|  0%| F|  |TAMS 0x0000000716e00000, 0x0000000716e00000| Untracked 
| 183|0x0000000716f00000, 0x0000000716f00000, 0x0000000717000000|  0%| F|  |TAMS 0x0000000716f00000, 0x0000000716f00000| Untracked 
| 184|0x0000000717000000, 0x0000000717000000, 0x0000000717100000|  0%| F|  |TAMS 0x0000000717000000, 0x0000000717000000| Untracked 
| 185|0x0000000717100000, 0x0000000717100000, 0x0000000717200000|  0%| F|  |TAMS 0x0000000717100000, 0x0000000717100000| Untracked 
| 186|0x0000000717200000, 0x0000000717200000, 0x0000000717300000|  0%| F|  |TAMS 0x0000000717200000, 0x0000000717200000| Untracked 
| 187|0x0000000717300000, 0x0000000717300000, 0x0000000717400000|  0%| F|  |TAMS 0x0000000717300000, 0x0000000717300000| Untracked 
| 188|0x0000000717400000, 0x0000000717400000, 0x0000000717500000|  0%| F|  |TAMS 0x0000000717400000, 0x0000000717400000| Untracked 
| 189|0x0000000717500000, 0x0000000717500000, 0x0000000717600000|  0%| F|  |TAMS 0x0000000717500000, 0x0000000717500000| Untracked 
| 190|0x0000000717600000, 0x0000000717600000, 0x0000000717700000|  0%| F|  |TAMS 0x0000000717600000, 0x0000000717600000| Untracked 
| 191|0x0000000717700000, 0x0000000717700000, 0x0000000717800000|  0%| F|  |TAMS 0x0000000717700000, 0x0000000717700000| Untracked 
| 192|0x0000000717800000, 0x0000000717800000, 0x0000000717900000|  0%| F|  |TAMS 0x0000000717800000, 0x0000000717800000| Untracked 
| 193|0x0000000717900000, 0x0000000717900000, 0x0000000717a00000|  0%| F|  |TAMS 0x0000000717900000, 0x0000000717900000| Untracked 
| 194|0x0000000717a00000, 0x0000000717a00000, 0x0000000717b00000|  0%| F|  |TAMS 0x0000000717a00000, 0x0000000717a00000| Untracked 
| 195|0x0000000717b00000, 0x0000000717b00000, 0x0000000717c00000|  0%| F|  |TAMS 0x0000000717b00000, 0x0000000717b00000| Untracked 
| 196|0x0000000717c00000, 0x0000000717c00000, 0x0000000717d00000|  0%| F|  |TAMS 0x0000000717c00000, 0x0000000717c00000| Untracked 
| 197|0x0000000717d00000, 0x0000000717d00000, 0x0000000717e00000|  0%| F|  |TAMS 0x0000000717d00000, 0x0000000717d00000| Untracked 
| 198|0x0000000717e00000, 0x0000000717e00000, 0x0000000717f00000|  0%| F|  |TAMS 0x0000000717e00000, 0x0000000717e00000| Untracked 
| 199|0x0000000717f00000, 0x0000000717f00000, 0x0000000718000000|  0%| F|  |TAMS 0x0000000717f00000, 0x0000000717f00000| Untracked 
| 200|0x0000000718000000, 0x0000000718000000, 0x0000000718100000|  0%| F|  |TAMS 0x0000000718000000, 0x0000000718000000| Untracked 
| 201|0x0000000718100000, 0x0000000718100000, 0x0000000718200000|  0%| F|  |TAMS 0x0000000718100000, 0x0000000718100000| Untracked 
| 202|0x0000000718200000, 0x0000000718200000, 0x0000000718300000|  0%| F|  |TAMS 0x0000000718200000, 0x0000000718200000| Untracked 
| 203|0x0000000718300000, 0x0000000718300000, 0x0000000718400000|  0%| F|  |TAMS 0x0000000718300000, 0x0000000718300000| Untracked 
| 204|0x0000000718400000, 0x0000000718400000, 0x0000000718500000|  0%| F|  |TAMS 0x0000000718400000, 0x0000000718400000| Untracked 
| 205|0x0000000718500000, 0x0000000718500000, 0x0000000718600000|  0%| F|  |TAMS 0x0000000718500000, 0x0000000718500000| Untracked 
| 206|0x0000000718600000, 0x0000000718600000, 0x0000000718700000|  0%| F|  |TAMS 0x0000000718600000, 0x0000000718600000| Untracked 
| 207|0x0000000718700000, 0x0000000718700000, 0x0000000718800000|  0%| F|  |TAMS 0x0000000718700000, 0x0000000718700000| Untracked 
| 208|0x0000000718800000, 0x0000000718800000, 0x0000000718900000|  0%| F|  |TAMS 0x0000000718800000, 0x0000000718800000| Untracked 
| 209|0x0000000718900000, 0x0000000718900000, 0x0000000718a00000|  0%| F|  |TAMS 0x0000000718900000, 0x0000000718900000| Untracked 
| 210|0x0000000718a00000, 0x0000000718a00000, 0x0000000718b00000|  0%| F|  |TAMS 0x0000000718a00000, 0x0000000718a00000| Untracked 
| 211|0x0000000718b00000, 0x0000000718b00000, 0x0000000718c00000|  0%| F|  |TAMS 0x0000000718b00000, 0x0000000718b00000| Untracked 
| 212|0x0000000718c00000, 0x0000000718c00000, 0x0000000718d00000|  0%| F|  |TAMS 0x0000000718c00000, 0x0000000718c00000| Untracked 
| 213|0x0000000718d00000, 0x0000000718d00000, 0x0000000718e00000|  0%| F|  |TAMS 0x0000000718d00000, 0x0000000718d00000| Untracked 
| 214|0x0000000718e00000, 0x0000000718e00000, 0x0000000718f00000|  0%| F|  |TAMS 0x0000000718e00000, 0x0000000718e00000| Untracked 
| 215|0x0000000718f00000, 0x0000000718f00000, 0x0000000719000000|  0%| F|  |TAMS 0x0000000718f00000, 0x0000000718f00000| Untracked 
| 216|0x0000000719000000, 0x0000000719000000, 0x0000000719100000|  0%| F|  |TAMS 0x0000000719000000, 0x0000000719000000| Untracked 
| 217|0x0000000719100000, 0x0000000719100000, 0x0000000719200000|  0%| F|  |TAMS 0x0000000719100000, 0x0000000719100000| Untracked 
| 218|0x0000000719200000, 0x0000000719200000, 0x0000000719300000|  0%| F|  |TAMS 0x0000000719200000, 0x0000000719200000| Untracked 
| 219|0x0000000719300000, 0x0000000719300000, 0x0000000719400000|  0%| F|  |TAMS 0x0000000719300000, 0x0000000719300000| Untracked 
| 220|0x0000000719400000, 0x0000000719400000, 0x0000000719500000|  0%| F|  |TAMS 0x0000000719400000, 0x0000000719400000| Untracked 
| 221|0x0000000719500000, 0x0000000719500000, 0x0000000719600000|  0%| F|  |TAMS 0x0000000719500000, 0x0000000719500000| Untracked 
| 222|0x0000000719600000, 0x0000000719600000, 0x0000000719700000|  0%| F|  |TAMS 0x0000000719600000, 0x0000000719600000| Untracked 
| 223|0x0000000719700000, 0x0000000719800000, 0x0000000719800000|100%| E|  |TAMS 0x0000000719700000, 0x0000000719700000| Complete 
| 224|0x0000000719800000, 0x0000000719900000, 0x0000000719900000|100%| E|CS|TAMS 0x0000000719800000, 0x0000000719800000| Complete 
| 225|0x0000000719900000, 0x0000000719a00000, 0x0000000719a00000|100%| E|CS|TAMS 0x0000000719900000, 0x0000000719900000| Complete 
| 226|0x0000000719a00000, 0x0000000719b00000, 0x0000000719b00000|100%| E|  |TAMS 0x0000000719a00000, 0x0000000719a00000| Complete 
| 227|0x0000000719b00000, 0x0000000719c00000, 0x0000000719c00000|100%| E|CS|TAMS 0x0000000719b00000, 0x0000000719b00000| Complete 
| 228|0x0000000719c00000, 0x0000000719d00000, 0x0000000719d00000|100%| E|CS|TAMS 0x0000000719c00000, 0x0000000719c00000| Complete 
| 229|0x0000000719d00000, 0x0000000719e00000, 0x0000000719e00000|100%| E|CS|TAMS 0x0000000719d00000, 0x0000000719d00000| Complete 
| 230|0x0000000719e00000, 0x0000000719f00000, 0x0000000719f00000|100%| E|CS|TAMS 0x0000000719e00000, 0x0000000719e00000| Complete 
| 231|0x0000000719f00000, 0x000000071a000000, 0x000000071a000000|100%| E|CS|TAMS 0x0000000719f00000, 0x0000000719f00000| Complete 
| 232|0x000000071a000000, 0x000000071a100000, 0x000000071a100000|100%| E|CS|TAMS 0x000000071a000000, 0x000000071a000000| Complete 
| 233|0x000000071a100000, 0x000000071a200000, 0x000000071a200000|100%| E|CS|TAMS 0x000000071a100000, 0x000000071a100000| Complete 
| 234|0x000000071a200000, 0x000000071a300000, 0x000000071a300000|100%| E|CS|TAMS 0x000000071a200000, 0x000000071a200000| Complete 
| 235|0x000000071a300000, 0x000000071a400000, 0x000000071a400000|100%| E|CS|TAMS 0x000000071a300000, 0x000000071a300000| Complete 
| 236|0x000000071a400000, 0x000000071a500000, 0x000000071a500000|100%| E|CS|TAMS 0x000000071a400000, 0x000000071a400000| Complete 
| 237|0x000000071a500000, 0x000000071a600000, 0x000000071a600000|100%| E|CS|TAMS 0x000000071a500000, 0x000000071a500000| Complete 
| 238|0x000000071a600000, 0x000000071a700000, 0x000000071a700000|100%| E|CS|TAMS 0x000000071a600000, 0x000000071a600000| Complete 
| 239|0x000000071a700000, 0x000000071a800000, 0x000000071a800000|100%| E|CS|TAMS 0x000000071a700000, 0x000000071a700000| Complete 
| 240|0x000000071a800000, 0x000000071a900000, 0x000000071a900000|100%| E|CS|TAMS 0x000000071a800000, 0x000000071a800000| Complete 
| 241|0x000000071a900000, 0x000000071aa00000, 0x000000071aa00000|100%| E|CS|TAMS 0x000000071a900000, 0x000000071a900000| Complete 
| 242|0x000000071aa00000, 0x000000071ab00000, 0x000000071ab00000|100%| E|CS|TAMS 0x000000071aa00000, 0x000000071aa00000| Complete 
| 243|0x000000071ab00000, 0x000000071ac00000, 0x000000071ac00000|100%| E|CS|TAMS 0x000000071ab00000, 0x000000071ab00000| Complete 
| 244|0x000000071ac00000, 0x000000071ad00000, 0x000000071ad00000|100%| E|CS|TAMS 0x000000071ac00000, 0x000000071ac00000| Complete 
| 245|0x000000071ad00000, 0x000000071ae00000, 0x000000071ae00000|100%| E|CS|TAMS 0x000000071ad00000, 0x000000071ad00000| Complete 

Card table byte_map: [0x000001ff4f850000,0x000001ff50000000] _byte_map_base: 0x000001ff4bff4000

Marking Bits (Prev, Next): (CMBitMap*) 0x000001ff370baf38, (CMBitMap*) 0x000001ff370baf70
 Prev Bits: [0x000001ff507b0000, 0x000001ff544d0000)
 Next Bits: [0x000001ff544d0000, 0x000001ff581f0000)

Polling page: 0x000001ff34ed0000

Metaspace:

Usage:
  Non-class:     13.20 MB capacity,    13.01 MB ( 99%) used,   168.64 KB (  1%) free+waste,    21.69 KB ( <1%) overhead. 
      Class:      1.31 MB capacity,     1.23 MB ( 94%) used,    72.73 KB (  5%) free+waste,     9.25 KB ( <1%) overhead. 
       Both:     14.51 MB capacity,    14.25 MB ( 98%) used,   241.37 KB (  2%) free+waste,    30.94 KB ( <1%) overhead. 

Virtual space:
  Non-class space:       14.00 MB reserved,      13.25 MB ( 95%) committed 
      Class space:        1.00 GB reserved,       1.38 MB ( <1%) committed 
             Both:        1.01 GB reserved,      14.62 MB (  1%) committed 

Chunk freelists:
   Non-Class:  52.00 KB
       Class:  0 bytes
        Both:  52.00 KB

MaxMetaspaceSize: 17179869184.00 GB
CompressedClassSpaceSize: 1.00 GB
Initial GC threshold: 20.80 MB
Current GC threshold: 20.80 MB
CDS: off

CodeHeap 'non-profiled nmethods': size=119168Kb used=456Kb max_used=456Kb free=118711Kb
 bounds [0x000001ff473a0000, 0x000001ff47610000, 0x000001ff4e800000]
CodeHeap 'profiled nmethods': size=119168Kb used=2682Kb max_used=2682Kb free=116485Kb
 bounds [0x000001ff3ff40000, 0x000001ff401e0000, 0x000001ff473a0000]
CodeHeap 'non-nmethods': size=7424Kb used=3010Kb max_used=3025Kb free=4413Kb
 bounds [0x000001ff3f800000, 0x000001ff3fb60000, 0x000001ff3ff40000]
 total_blobs=2053 nmethods=1429 adapters=534
 compilation: enabled
              stopped_count=0, restarted_count=0
 full_count=0

Compilation events (20 events):
Event: 3.367 Thread 0x000001ff671a6800 1421       3       org.lwjgl.opengl.GL20::glVertexAttribPointer (74 bytes)
Event: 3.367 Thread 0x000001ff671a6800 nmethod 1421 0x000001ff401d6690 code [0x000001ff401d69a0, 0x000001ff401d7ba8]
Event: 3.399 Thread 0x000001ff5bc35000 1422       1       com.badlogic.gdx.graphics.g2d.PolygonSpriteBatch::isDrawing (5 bytes)
Event: 3.399 Thread 0x000001ff5bc35000 nmethod 1422 0x000001ff47411e10 code [0x000001ff47411fc0, 0x000001ff47412078]
Event: 3.416 Thread 0x000001ff67365800 1423       3       java.util.ArrayList::clear (43 bytes)
Event: 3.416 Thread 0x000001ff67365800 nmethod 1423 0x000001ff401d8390 code [0x000001ff401d8560, 0x000001ff401d88f8]
Event: 3.449 Thread 0x000001ff5bd9e000 1424   !   3       com.badlogic.gdx.scenes.scene2d.actions.DelegateAction::act (33 bytes)
Event: 3.449 Thread 0x000001ff5bd9e000 nmethod 1424 0x000001ff401d8a10 code [0x000001ff401d8be0, 0x000001ff401d9168]
Event: 3.499 Thread 0x000001ff671a6800 1425       3       com.badlogic.gdx.graphics.Mesh::render (257 bytes)
Event: 3.501 Thread 0x000001ff671a6800 nmethod 1425 0x000001ff401d9290 code [0x000001ff401d9800, 0x000001ff401dc298]
Event: 3.517 Thread 0x000001ff5bc35000 1426       3       java.nio.ByteBuffer::limit (6 bytes)
Event: 3.517 Thread 0x000001ff5bc35000 nmethod 1426 0x000001ff401dd190 code [0x000001ff401dd340, 0x000001ff401dd508]
Event: 3.585 Thread 0x000001ff67365800 1427       3       java.lang.String::toString (2 bytes)
Event: 3.585 Thread 0x000001ff5bc35000 1428       3       org.lwjgl.opengl.Display::getHeight (30 bytes)
Event: 3.585 Thread 0x000001ff67365800 nmethod 1427 0x000001ff401dd590 code [0x000001ff401dd740, 0x000001ff401dd838]
Event: 3.585 Thread 0x000001ff5bc35000 nmethod 1428 0x000001ff401dd910 code [0x000001ff401ddb00, 0x000001ff401de0e8]
Event: 3.585 Thread 0x000001ff5bd9e000 1429       3       java.util.regex.Matcher::groupCount (10 bytes)
Event: 3.585 Thread 0x000001ff671a6800 1430       3       java.util.Formatter$Flags::contains (22 bytes)
Event: 3.585 Thread 0x000001ff5bd9e000 nmethod 1429 0x000001ff401de290 code [0x000001ff401de440, 0x000001ff401de558]
Event: 3.586 Thread 0x000001ff671a6800 nmethod 1430 0x000001ff401de610 code [0x000001ff401de7c0, 0x000001ff401de958]

GC Heap History (0 events):
No events

Deoptimization events (20 events):
Event: 1.271 Thread 0x000001ff5c39b800 Uncommon trap: trap_request=0xffffff4d fr.pc=0x000001ff473bfc70 relative=0x00000000000000d0
Event: 1.271 Thread 0x000001ff5c39b800 Uncommon trap: reason=unstable_if action=reinterpret pc=0x000001ff473bfc70 method=java.lang.String.getBytes([BIB)V @ 5 c2
Event: 1.271 Thread 0x000001ff5c39b800 DEOPT PACKING pc=0x000001ff473bfc70 sp=0x0000001626bfbfa0
Event: 1.271 Thread 0x000001ff5c39b800 DEOPT UNPACKING pc=0x000001ff3f8085af sp=0x0000001626bfbf68 mode 2
Event: 1.313 Thread 0x000001ff5c39b800 DEOPT PACKING pc=0x000001ff40121b50 sp=0x0000001626bfe3e0
Event: 1.313 Thread 0x000001ff5c39b800 DEOPT UNPACKING pc=0x000001ff3f849d0e sp=0x0000001626bfd868 mode 0
Event: 1.319 Thread 0x000001ff5c39b800 DEOPT PACKING pc=0x000001ff40121b50 sp=0x0000001626bfdd20
Event: 1.319 Thread 0x000001ff5c39b800 DEOPT UNPACKING pc=0x000001ff3f849d0e sp=0x0000001626bfd1a8 mode 0
Event: 1.408 Thread 0x000001ff5c39b800 DEOPT PACKING pc=0x000001ff40121b50 sp=0x0000001626bfdee0
Event: 1.408 Thread 0x000001ff5c39b800 DEOPT UNPACKING pc=0x000001ff3f849d0e sp=0x0000001626bfd368 mode 0
Event: 1.465 Thread 0x000001ff5c39b800 Uncommon trap: trap_request=0xffffff4d fr.pc=0x000001ff473fa4d0 relative=0x0000000000001010
Event: 1.465 Thread 0x000001ff5c39b800 Uncommon trap: reason=unstable_if action=reinterpret pc=0x000001ff473fa4d0 method=com.badlogic.gdx.assets.AssetLoadingTask.update()Z @ 17 c2
Event: 1.465 Thread 0x000001ff5c39b800 DEOPT PACKING pc=0x000001ff473fa4d0 sp=0x0000001626bff080
Event: 1.465 Thread 0x000001ff5c39b800 DEOPT UNPACKING pc=0x000001ff3f8085af sp=0x0000001626bfef90 mode 2
Event: 1.473 Thread 0x000001ff5c39b800 DEOPT PACKING pc=0x000001ff40121b50 sp=0x0000001626bfcba0
Event: 1.473 Thread 0x000001ff5c39b800 DEOPT UNPACKING pc=0x000001ff3f849d0e sp=0x0000001626bfc028 mode 0
Event: 1.474 Thread 0x000001ff5c39b800 DEOPT PACKING pc=0x000001ff3ffa249b sp=0x0000001626bfe2c0
Event: 1.474 Thread 0x000001ff5c39b800 DEOPT UNPACKING pc=0x000001ff3f849d0e sp=0x0000001626bfd730 mode 0
Event: 2.232 Thread 0x000001ff5c39b800 DEOPT PACKING pc=0x000001ff40195f82 sp=0x0000001626bff3f0
Event: 2.232 Thread 0x000001ff5c39b800 DEOPT UNPACKING pc=0x000001ff3f849d0e sp=0x0000001626bfe978 mode 0

Classes redefined (0 events):
No events

Internal exceptions (20 events):
Event: 0.060 Thread 0x000001ff37059800 Exception <a 'java/security/PrivilegedActionException'{0x000000071ac69ec0}> (0x000000071ac69ec0) thrown at [s\src\hotspot\share\prims\jvm.cpp, line 1306]
Event: 0.147 Thread 0x000001ff37059800 Exception <a 'java/lang/NoSuchMethodError'{0x000000071a81a150}: 'java.lang.Object java.lang.invoke.DirectMethodHandle$Holder.invokeStaticInit(java.lang.Object, int, int, int, int)'> (0x000000071a81a150) thrown at [s\src\hotspot\share\interpreter\linkResolver.cpp, line 773]
Event: 0.227 Thread 0x000001ff37059800 Exception <a 'java/lang/NoSuchMethodError'{0x000000071a8ef510}: 'java.lang.Object java.lang.invoke.DirectMethodHandle$Holder.invokeStaticInit(java.lang.Object, java.lang.Object, int, int, int, int)'> (0x000000071a8ef510) thrown at [s\src\hotspot\share\interpreter\linkResolver.cpp, line 773]
Event: 0.241 Thread 0x000001ff37059800 Exception <a 'java/security/PrivilegedActionException'{0x000000071a768090}> (0x000000071a768090) thrown at [s\src\hotspot\share\prims\jvm.cpp, line 1306]
Event: 0.241 Thread 0x000001ff37059800 Exception <a 'java/security/PrivilegedActionException'{0x000000071a76a870}> (0x000000071a76a870) thrown at [s\src\hotspot\share\prims\jvm.cpp, line 1306]
Event: 0.241 Thread 0x000001ff37059800 Exception <a 'java/security/PrivilegedActionException'{0x000000071a76b828}> (0x000000071a76b828) thrown at [s\src\hotspot\share\prims\jvm.cpp, line 1306]
Event: 0.243 Thread 0x000001ff37059800 Exception <a 'java/security/PrivilegedActionException'{0x000000071a7f7a38}> (0x000000071a7f7a38) thrown at [s\src\hotspot\share\prims\jvm.cpp, line 1306]
Event: 0.243 Thread 0x000001ff37059800 Exception <a 'java/security/PrivilegedActionException'{0x000000071a7f85f8}> (0x000000071a7f85f8) thrown at [s\src\hotspot\share\prims\jvm.cpp, line 1306]
Event: 0.243 Thread 0x000001ff37059800 Exception <a 'java/security/PrivilegedActionException'{0x000000071a7f9178}> (0x000000071a7f9178) thrown at [s\src\hotspot\share\prims\jvm.cpp, line 1306]
Event: 1.230 Thread 0x000001ff5c39b800 Exception <a 'java/lang/NoSuchMethodError'{0x000000071a08d558}: 'void java.lang.invoke.DirectMethodHandle$Holder.invokeSpecial(java.lang.Object, java.lang.Object)'> (0x000000071a08d558) thrown at [s\src\hotspot\share\interpreter\linkResolver.cpp, line 773]
Event: 1.257 Thread 0x000001ff5c39b800 Exception <a 'java/lang/ClassNotFoundException'{0x0000000719faeca8}: sun/awt/resources/spi/awtProvider> (0x0000000719faeca8) thrown at [s\src\hotspot\share\classfile\systemDictionary.cpp, line 230]
Event: 1.271 Thread 0x000001ff5c39b800 Exception <a 'java/io/FileNotFoundException'{0x0000000719e36a78}> (0x0000000719e36a78) thrown at [s\src\hotspot\share\prims\jni.cpp, line 617]
Event: 1.276 Thread 0x000001ff5c39b800 Exception <a 'java/lang/NoSuchMethodError'{0x0000000719e918f8}: 'java.lang.Object java.lang.invoke.DirectMethodHandle$Holder.invokeStatic(java.lang.Object, java.lang.Object, java.lang.Object, java.lang.Object, java.lang.Object, java.lang.Object, java.lang.Object, java.lang.Object, java.lang.Object, java.lang.Object, java.lang.Object, java.lang.Object, java.lang.Object, java.lang.Object, java.lang.Object)'> (0x0000000719e918f8) thrown at [s\src\hotspot\share\interpreter\linkResolver.cpp, line 773]
Event: 1.276 Thread 0x000001ff5c39b800 Exception <a 'java/lang/NoSuchMethodError'{0x0000000719e9f4a8}: 'java.lang.Object java.lang.invoke.DirectMethodHandle$Holder.invokeStatic(java.lang.Object, java.lang.Object, java.lang.Object, java.lang.Object, java.lang.Object, java.lang.Object, java.lang.Object, java.lang.Object, java.lang.Object, java.lang.Object, java.lang.Object, java.lang.Object, java.lang.Object, java.lang.Object, java.lang.Object, java.lang.Object)'> (0x0000000719e9f4a8) thrown at [s\src\hotspot\share\interpreter\linkResolver.cpp, l
Event: 1.277 Thread 0x000001ff5c39b800 Exception <a 'java/lang/NoSuchMethodError'{0x0000000719ead118}: 'java.lang.Object java.lang.invoke.DirectMethodHandle$Holder.invokeSpecial(java.lang.Object, java.lang.Object, int, int, java.lang.Object, java.lang.Object, java.lang.Object)'> (0x0000000719ead118) thrown at [s\src\hotspot\share\interpreter\linkResolver.cpp, line 773]
Event: 1.277 Thread 0x000001ff5c39b800 Exception <a 'java/lang/NoSuchMethodError'{0x0000000719eb06a8}: 'java.lang.Object java.lang.invoke.DelegatingMethodHandle$Holder.reinvoke_L(java.lang.Object, int, int, java.lang.Object, java.lang.Object, java.lang.Object)'> (0x0000000719eb06a8) thrown at [s\src\hotspot\share\interpreter\linkResolver.cpp, line 773]
Event: 1.277 Thread 0x000001ff5c39b800 Exception <a 'java/lang/NoSuchMethodError'{0x0000000719eb4a30}: 'java.lang.Object java.lang.invoke.DirectMethodHandle$Holder.invokeStatic(java.lang.Object, java.lang.Object, java.lang.Object, java.lang.Object, int)'> (0x0000000719eb4a30) thrown at [s\src\hotspot\share\interpreter\linkResolver.cpp, line 773]
Event: 1.281 Thread 0x000001ff5c39b800 Exception <a 'java/io/FileNotFoundException'{0x0000000719d18328}> (0x0000000719d18328) thrown at [s\src\hotspot\share\prims\jni.cpp, line 617]
Event: 1.306 Thread 0x000001ff5c39b800 Exception <a 'java/lang/NoSuchMethodError'{0x0000000719da0e20}: 'java.lang.Object java.lang.invoke.DirectMethodHandle$Holder.invokeStatic(java.lang.Object, java.lang.Object, java.lang.Object, java.lang.Object, java.lang.Object, java.lang.Object, java.lang.Object, java.lang.Object, int)'> (0x0000000719da0e20) thrown at [s\src\hotspot\share\interpreter\linkResolver.cpp, line 773]
Event: 1.307 Thread 0x000001ff5c39b800 Exception <a 'java/lang/NoSuchMethodError'{0x0000000719dbaf00}: 'java.lang.Object java.lang.invoke.DirectMethodHandle$Holder.invokeStatic(java.lang.Object, java.lang.Object, java.lang.Object, java.lang.Object, java.lang.Object, java.lang.Object, java.lang.Object, java.lang.Object, int, int)'> (0x0000000719dbaf00) thrown at [s\src\hotspot\share\interpreter\linkResolver.cpp, line 773]

Events (20 events):
Event: 2.307 loading class jdk/internal/misc/JavaAWTAccess done
Event: 2.307 loading class sun/awt/AppContext$6 done
Event: 2.308 loading class java/util/IdentityHashMap$Values
Event: 2.308 loading class java/util/IdentityHashMap$Values done
Event: 2.308 loading class java/util/IdentityHashMap$ValueIterator
Event: 2.308 loading class java/util/IdentityHashMap$ValueIterator done
Event: 2.308 Executing VM operation: RevokeBias
Event: 2.308 Executing VM operation: RevokeBias done
Event: 2.308 Thread 0x000001ff672ba800 Thread exited: 0x000001ff672ba800
Event: 2.384 Loaded shared library C:\Users\a\AppData\Local\Temp\libgdxa\dc0f0009\lwjgl64.dll
Event: 2.385 Loaded shared library C:\Users\a\AppData\Local\Temp\libgdxa\dc0f0009\lwjgl64.dll
Event: 2.386 Loaded shared library C:\Users\a\AppData\Local\Temp\libgdxa\dc0f0009\lwjgl64.dll
Event: 3.017 Loaded shared library C:\Users\a\AppData\Local\Temp\libgdxa\dc0f0009\lwjgl64.dll
Event: 3.018 Loaded shared library C:\Users\a\AppData\Local\Temp\libgdxa\dc0f0009\lwjgl64.dll
Event: 3.019 Loaded shared library C:\Users\a\AppData\Local\Temp\libgdxa\dc0f0009\lwjgl64.dll
Event: 3.033 Loaded shared library C:\Users\a\.jdks\corretto-11.0.25\bin\java.dll
Event: 3.184 Loaded shared library C:\Users\a\AppData\Local\Temp\libgdxa\dc0f0009\lwjgl64.dll
Event: 3.185 Loaded shared library C:\Users\a\AppData\Local\Temp\libgdxa\dc0f0009\lwjgl64.dll
Event: 3.584 loading class com/libGdx/test/App/screen/MenuScreen
Event: 3.584 loading class com/libGdx/test/App/screen/MenuScreen done


Dynamic libraries:
0x00007ff650690000 - 0x00007ff65069e000 	C:\Users\a\.jdks\corretto-11.0.25\bin\java.exe
0x00007ff9df0d0000 - 0x00007ff9df2c8000 	C:\WINDOWS\SYSTEM32\ntdll.dll
0x00007ff9dd380000 - 0x00007ff9dd442000 	C:\WINDOWS\System32\KERNEL32.DLL
0x00007ff9dc950000 - 0x00007ff9dcc4e000 	C:\WINDOWS\System32\KERNELBASE.dll
0x00007ff9dcff0000 - 0x00007ff9dd0f0000 	C:\WINDOWS\System32\ucrtbase.dll
0x00007ff9b3e20000 - 0x00007ff9b3e3b000 	C:\Users\a\.jdks\corretto-11.0.25\bin\VCRUNTIME140.dll
0x00007ff9b3e40000 - 0x00007ff9b3e57000 	C:\Users\a\.jdks\corretto-11.0.25\bin\jli.dll
0x00007ff9de530000 - 0x00007ff9de6cd000 	C:\WINDOWS\System32\USER32.dll
0x00007ff9bec60000 - 0x00007ff9beefa000 	C:\WINDOWS\WinSxS\amd64_microsoft.windows.common-controls_6595b64144ccf1df_6.0.19041.4355_none_60b8b9eb71f62e16\COMCTL32.dll
0x00007ff9dceb0000 - 0x00007ff9dced2000 	C:\WINDOWS\System32\win32u.dll
0x00007ff9dd690000 - 0x00007ff9dd72e000 	C:\WINDOWS\System32\msvcrt.dll
0x00007ff9dd230000 - 0x00007ff9dd25b000 	C:\WINDOWS\System32\GDI32.dll
0x00007ff9dcd00000 - 0x00007ff9dce17000 	C:\WINDOWS\System32\gdi32full.dll
0x00007ff9dcee0000 - 0x00007ff9dcf7d000 	C:\WINDOWS\System32\msvcp_win.dll
0x00007ff9de6e0000 - 0x00007ff9de70f000 	C:\WINDOWS\System32\IMM32.DLL
0x00007ff9d91c0000 - 0x00007ff9d91cc000 	C:\Users\a\.jdks\corretto-11.0.25\bin\vcruntime140_1.dll
0x00007ff9b3d90000 - 0x00007ff9b3e1d000 	C:\Users\a\.jdks\corretto-11.0.25\bin\msvcp140.dll
0x00007ff996eb0000 - 0x00007ff997a75000 	C:\Users\a\.jdks\corretto-11.0.25\bin\server\jvm.dll
0x00007ff9defd0000 - 0x00007ff9df081000 	C:\WINDOWS\System32\ADVAPI32.dll
0x00007ff9deb70000 - 0x00007ff9dec0f000 	C:\WINDOWS\System32\sechost.dll
0x00007ff9dd0f0000 - 0x00007ff9dd213000 	C:\WINDOWS\System32\RPCRT4.dll
0x00007ff9dc770000 - 0x00007ff9dc797000 	C:\WINDOWS\System32\bcrypt.dll
0x00007ff9de8b0000 - 0x00007ff9de91b000 	C:\WINDOWS\System32\WS2_32.dll
0x00007ff9dd220000 - 0x00007ff9dd228000 	C:\WINDOWS\System32\PSAPI.DLL
0x00007ff9d2f70000 - 0x00007ff9d2f97000 	C:\WINDOWS\SYSTEM32\WINMM.dll
0x00007ff9d8e70000 - 0x00007ff9d8e7a000 	C:\WINDOWS\SYSTEM32\VERSION.dll
0x00007ff9daf90000 - 0x00007ff9dafa2000 	C:\WINDOWS\SYSTEM32\kernel.appcore.dll
0x00007ff9b4000000 - 0x00007ff9b4010000 	C:\Users\a\.jdks\corretto-11.0.25\bin\verify.dll
0x00007ff9da310000 - 0x00007ff9da4f4000 	C:\WINDOWS\SYSTEM32\DBGHELP.DLL
0x00007ff9b84f0000 - 0x00007ff9b8524000 	C:\WINDOWS\SYSTEM32\dbgcore.DLL
0x00007ff9dce20000 - 0x00007ff9dcea2000 	C:\WINDOWS\System32\bcryptPrimitives.dll
0x00007ff9b3d60000 - 0x00007ff9b3d88000 	C:\Users\a\.jdks\corretto-11.0.25\bin\java.dll
0x00007ff9b3d50000 - 0x00007ff9b3d5a000 	C:\Users\a\.jdks\corretto-11.0.25\bin\jimage.dll
0x00007ff9b3d30000 - 0x00007ff9b3d48000 	C:\Users\a\.jdks\corretto-11.0.25\bin\zip.dll
0x00007ff9dd730000 - 0x00007ff9dde9d000 	C:\WINDOWS\System32\SHELL32.dll
0x00007ff9da7d0000 - 0x00007ff9daf74000 	C:\WINDOWS\SYSTEM32\windows.storage.dll
0x00007ff9dec10000 - 0x00007ff9def63000 	C:\WINDOWS\System32\combase.dll
0x00007ff9dc1a0000 - 0x00007ff9dc1ce000 	C:\WINDOWS\SYSTEM32\Wldp.dll
0x00007ff9de710000 - 0x00007ff9de7dd000 	C:\WINDOWS\System32\OLEAUT32.dll
0x00007ff9de7e0000 - 0x00007ff9de88d000 	C:\WINDOWS\System32\SHCORE.dll
0x00007ff9ddea0000 - 0x00007ff9ddef5000 	C:\WINDOWS\System32\shlwapi.dll
0x00007ff9dc6a0000 - 0x00007ff9dc6c4000 	C:\WINDOWS\SYSTEM32\profapi.dll
0x00007ff9b3d10000 - 0x00007ff9b3d29000 	C:\Users\a\.jdks\corretto-11.0.25\bin\net.dll
0x00007ff9d82c0000 - 0x00007ff9d83cd000 	C:\WINDOWS\SYSTEM32\WINHTTP.dll
0x00007ff9dbf00000 - 0x00007ff9dbf6a000 	C:\WINDOWS\system32\mswsock.dll
0x00007ff9b3cf0000 - 0x00007ff9b3d02000 	C:\Users\a\.jdks\corretto-11.0.25\bin\nio.dll
0x0000000063340000 - 0x0000000063417000 	C:\Users\a\AppData\Local\Temp\libgdxa\6fad4027\gdx64.dll
0x00007ff9dc100000 - 0x00007ff9dc118000 	C:\WINDOWS\SYSTEM32\CRYPTSP.dll
0x00007ff9db7b0000 - 0x00007ff9db7e4000 	C:\WINDOWS\system32\rsaenh.dll
0x00007ff9dc660000 - 0x00007ff9dc68e000 	C:\WINDOWS\SYSTEM32\USERENV.dll
0x00007ff9dc0f0000 - 0x00007ff9dc0fc000 	C:\WINDOWS\SYSTEM32\CRYPTBASE.dll
0x00007ff9dbb90000 - 0x00007ff9dbbcb000 	C:\WINDOWS\SYSTEM32\IPHLPAPI.DLL
0x00007ff9de520000 - 0x00007ff9de528000 	C:\WINDOWS\System32\NSI.dll
0x00007ff9d7220000 - 0x00007ff9d7237000 	C:\WINDOWS\SYSTEM32\dhcpcsvc6.DLL
0x00007ff9d7980000 - 0x00007ff9d799d000 	C:\WINDOWS\SYSTEM32\dhcpcsvc.DLL
0x00007ff9dbbd0000 - 0x00007ff9dbc9a000 	C:\WINDOWS\SYSTEM32\DNSAPI.dll
0x0000000180000000 - 0x0000000180053000 	C:\Users\a\AppData\Local\Temp\libgdxa\dc0f0009\lwjgl64.dll
0x00007ff984dc0000 - 0x00007ff984ee8000 	C:\WINDOWS\SYSTEM32\OPENGL32.dll
0x00007ff9cd210000 - 0x00007ff9cd23c000 	C:\WINDOWS\SYSTEM32\GLU32.dll
0x000001ff5caf0000 - 0x000001ff5cb54000 	C:\Users\a\AppData\Local\Temp\libgdxa\dc0f0009\OpenAL64.dll
0x00007ff9ddf80000 - 0x00007ff9de0ab000 	C:\WINDOWS\System32\ole32.dll
0x00007ff9d8a70000 - 0x00007ff9d8b0e000 	C:\WINDOWS\system32\uxtheme.dll
0x00007ff9de9e0000 - 0x00007ff9dea89000 	C:\WINDOWS\System32\clbcatq.dll
0x00007ff9a97a0000 - 0x00007ff9a983c000 	C:\WINDOWS\SYSTEM32\dsound.dll
0x00007ff9dbcb0000 - 0x00007ff9dbcfb000 	C:\WINDOWS\SYSTEM32\powrprof.dll
0x00007ff9b5a10000 - 0x00007ff9b5a36000 	C:\WINDOWS\SYSTEM32\winmmbase.dll
0x00007ff9dbb70000 - 0x00007ff9dbb82000 	C:\WINDOWS\SYSTEM32\UMPDC.dll
0x00007ff9d5820000 - 0x00007ff9d58a5000 	C:\WINDOWS\System32\MMDevApi.dll
0x00007ff9dc500000 - 0x00007ff9dc533000 	C:\WINDOWS\System32\DEVOBJ.dll
0x00007ff9dc900000 - 0x00007ff9dc94e000 	C:\WINDOWS\System32\cfgmgr32.dll
0x00007ff9d6090000 - 0x00007ff9d6211000 	C:\WINDOWS\SYSTEM32\AUDIOSES.DLL
0x00007ff9d9400000 - 0x00007ff9d9414000 	C:\WINDOWS\SYSTEM32\resourcepolicyclient.dll
0x00007ff9d7d10000 - 0x00007ff9d7dbe000 	C:\WINDOWS\SYSTEM32\mscms.dll
0x00007ff9d7bf0000 - 0x00007ff9d7c01000 	C:\WINDOWS\SYSTEM32\ColorAdapterClient.dll
0x00007ff9d2fe0000 - 0x00007ff9d3023000 	C:\Windows\System32\Windows.Internal.Graphics.Display.DisplayColorManagement.dll
0x00007ff9dd260000 - 0x00007ff9dd375000 	C:\WINDOWS\System32\MSCTF.dll
0x00007ff9b6d50000 - 0x00007ff9b6e49000 	C:\WINDOWS\SYSTEM32\textinputframework.dll
0x00007ff9d3b90000 - 0x00007ff9d3eeb000 	C:\WINDOWS\System32\CoreUIComponents.dll
0x00007ff9d4270000 - 0x00007ff9d4362000 	C:\WINDOWS\System32\CoreMessaging.dll
0x00007ff9dba00000 - 0x00007ff9dba33000 	C:\WINDOWS\SYSTEM32\ntmarta.dll
0x00007ff9d7a20000 - 0x00007ff9d7b77000 	C:\WINDOWS\SYSTEM32\wintypes.dll
0x00007ff9bad90000 - 0x00007ff9badf6000 	C:\WINDOWS\system32\Oleacc.dll
0x00007ff9d4c50000 - 0x00007ff9d4d52000 	C:\Windows\System32\AppXDeploymentClient.dll
0x00007ff9b8af0000 - 0x00007ff9b8b20000 	C:\WINDOWS\System32\DriverStore\FileRepository\u0408380.inf_amd64_a2a50bd2d2429936\B408421\atig6pxx.dll
0x00007ff91fc90000 - 0x00007ff923cb6000 	C:\WINDOWS\System32\DriverStore\FileRepository\u0408380.inf_amd64_a2a50bd2d2429936\B408421\atio6axx.dll
0x00007ff9de0b0000 - 0x00007ff9de51e000 	C:\WINDOWS\System32\SETUPAPI.dll
0x00007ff9d93d0000 - 0x00007ff9d93ff000 	C:\WINDOWS\SYSTEM32\dwmapi.dll
0x00007ff9dcf80000 - 0x00007ff9dcfe9000 	C:\WINDOWS\System32\WINTRUST.dll
0x00007ff9dc7a0000 - 0x00007ff9dc8fc000 	C:\WINDOWS\System32\CRYPT32.dll
0x00007ff9dc330000 - 0x00007ff9dc342000 	C:\WINDOWS\SYSTEM32\MSASN1.dll
0x00007ff9d2dc0000 - 0x00007ff9d2df9000 	C:\WINDOWS\System32\DriverStore\FileRepository\u0408380.inf_amd64_a2a50bd2d2429936\B408421\amdihk64.dll
0x00007ff99df30000 - 0x00007ff99df75000 	C:\WINDOWS\SYSTEM32\icm32.dll
0x00007ff996bd0000 - 0x00007ff996d52000 	C:\Users\a\.jdks\corretto-11.0.25\bin\awt.dll
0x00007ff9d4e60000 - 0x00007ff9d4ef4000 	C:\WINDOWS\SYSTEM32\apphelp.dll

dbghelp: loaded successfully - version: 4.0.5 - missing functions: none
symbol engine: initialized successfully - sym options: 0x614 - pdb path: .;C:\Users\a\.jdks\corretto-11.0.25\bin;C:\WINDOWS\SYSTEM32;C:\WINDOWS\WinSxS\amd64_microsoft.windows.common-controls_6595b64144ccf1df_6.0.19041.4355_none_60b8b9eb71f62e16;C:\Users\a\.jdks\corretto-11.0.25\bin\server;C:\Users\a\AppData\Local\Temp\libgdxa\6fad4027;C:\Users\a\AppData\Local\Temp\libgdxa\dc0f0009;C:\WINDOWS\System32\DriverStore\FileRepository\u0408380.inf_amd64_a2a50bd2d2429936\B408421

VM Arguments:
jvm_args: -Dfile.encoding=GBK -Duser.country=CN -Duser.language=zh -Duser.variant 
java_command: com.libGdx.test.App.App
java_class_path (initial): D:\tool\LibgdxTool3D\desktop\build\classes\java\main;D:\tool\LibgdxTool3D\desktop\build\resources\main;D:\tool\LibgdxTool3D\desktop\libs\gdx-backend-lwjgl.jar;D:\tool\LibgdxTool3D\desktop\libs\gdx-backend-lwjgl-natives.jar;D:\tool\LibgdxTool3D\desktop\libs\gdx-natives.jar;C:\Users\a\.gradle\caches\modules-2\files-2.1\com.github.wangGame.LibGdxTool\desktop\release1.1.4\bae70800f5efffb154877caa482328bba14aeb16\desktop-release1.1.4.jar;D:\tool\LibgdxTool3D\libGdxLibTool3D\build\libs\libGdxLibTool3D-1.0.jar;C:\Users\a\.gradle\caches\modules-2\files-2.1\com.github.wangGame.LibGdxTool\libGdxLibTool3D\release1.1.4\8ddbb230981944f1fd7367053781fbcaa091f303\libGdxLibTool3D-release1.1.4.jar;C:\Users\a\.gradle\caches\modules-2\files-2.1\com.github.wangGame.LibGdxTool\libGdxLib3D\release1.1.4\7228b290546311f950b4b64d13ff3f561c6f077e\libGdxLib3D-release1.1.4.jar;C:\Users\a\.gradle\caches\modules-2\files-2.1\com.github.wangGame.LibGdxTool\libGdxLib\release1.1.4\29544e28e9b12038be9d6960440daf6a54c5c349\libGdxLib-release1.1.4.jar;C:\Users\a\.gradle\caches\modules-2\files-2.1\com.github.wangGame.LibGdxTool\libgdxbox2d\release1.1.4\39d80ff91bc3c767ed7c295d2558248b58b04cb0\libgdxbox2d-release1.1.4.jar;C:\Users\a\.gradle\caches\modules-2\files-2.1\com.github.wangGame.LibGdxTool\libGdx\release1.1.4\23903be566ac7a5ffb365cd491539159ae6ec859\libGdx-release1.1.4.jar;C:\Users\a\.gradle\caches\modules-2\files-2.1\junit\junit\4.12\2973d150c0dc1fefe998f834810d68f278ea58ec\junit-4.12.jar;C:\Users\a\.gradle\caches\modules-2\files-2.1\com.github.wangGame.LibGdxTool\libCommon\release1.1.4\f70a2e60fbae9947357a467d6e03a2ccfdf4a52e\libCommon-release1.1.4.jar;C:\Users\a\.gradle\caches\modules-2\files-2.1\com.badlogicgames.gdx\gdx-freetype-platform\1.9.8\b21a8def0c70ec49ea5e2658e788b7a9177399f8\gdx-freetype-platform-1.9.8-natives-desktop.jar;C:\Users\a\.gradle\caches\modules-2\files-2.1\com.badlogicgames.gdx\gdx-freetype\1.9.8\d92b5b8beab10e3b3c0dd836d4fc186f95e7ea4b\gdx-free
Launcher Type: SUN_STANDARD

[Global flags]
     intx CICompilerCount                          = 12                                        {product} {ergonomic}
     uint ConcGCThreads                            = 3                                         {product} {ergonomic}
     uint G1ConcRefinementThreads                  = 13                                        {product} {ergonomic}
   size_t G1HeapRegionSize                         = 1048576                                   {product} {ergonomic}
    uintx GCDrainStackTargetSize                   = 64                                        {product} {ergonomic}
   size_t InitialHeapSize                          = 257949696                                 {product} {ergonomic}
   size_t MarkStackSize                            = 4194304                                   {product} {ergonomic}
   size_t MaxHeapSize                              = 4102029312                                {product} {ergonomic}
   size_t MaxNewSize                               = 2461007872                                {product} {ergonomic}
   size_t MinHeapDeltaBytes                        = 1048576                                   {product} {ergonomic}
    uintx NonNMethodCodeHeapSize                   = 7594288                                {pd product} {ergonomic}
    uintx NonProfiledCodeHeapSize                  = 122031976                              {pd product} {ergonomic}
    uintx ProfiledCodeHeapSize                     = 122031976                              {pd product} {ergonomic}
    uintx ReservedCodeCacheSize                    = 251658240                              {pd product} {ergonomic}
     bool SegmentedCodeCache                       = true                                      {product} {ergonomic}
     bool UseCompressedClassPointers               = true                                 {lp64_product} {ergonomic}
     bool UseCompressedOops                        = true                                 {lp64_product} {ergonomic}
     bool UseG1GC                                  = true                                      {product} {ergonomic}
     bool UseLargePagesIndividualAllocation        = false                                  {pd product} {ergonomic}

Logging:
Log output configuration:
 #0: stdout all=warning uptime,level,tags
 #1: stderr all=off uptime,level,tags

Environment Variables:
PATH=F:\Program Files\Eclipse Adoptium\jdk-22.0.0.36-hotspot\bin;F:\Program Files\Eclipse Adoptium\jdk-21.0.5.11-hotspot\bin;C:\WINDOWS\system32;C:\WINDOWS;C:\WINDOWS\System32\Wbem;C:\WINDOWS\System32\WindowsPowerShell\v1.0\;C:\WINDOWS\System32\OpenSSH\;F:\Program Files\Git\cmd;C:\Program Files\dotnet\;F:\Program Files\nodejs\;C:\Users\a\AppData\Local\Microsoft\WindowsApps;F:\Program Files (x86)\vscode\Microsoft VS Code\bin;C:\Users\a\.dotnet\tools;C:\Users\a\AppData\Local\Programs\Python\Python310\;;F:\Program Files\fiddler;C:\Users\a\AppData\Roaming\npm
USERNAME=a
OS=Windows_NT
PROCESSOR_IDENTIFIER=AMD64 Family 25 Model 116 Stepping 1, AuthenticAMD
TMP=C:\Users\a\AppData\Local\Temp
TEMP=C:\Users\a\AppData\Local\Temp



---------------  S Y S T E M  ---------------

OS: Windows 10 , 64 bit Build 19041 (10.0.19041.5072)
OS uptime: 20 days 2:08 hours

CPU:total 16 (initial active 16) (16 cores per cpu, 2 threads per core) family 25 model 116 stepping 1 microcode 0x0, cmov, cx8, fxsr, mmx, sse, sse2, sse3, ssse3, sse4.1, sse4.2, popcnt, avx, avx2, aes, clmul, erms, mmxext, 3dnowpref, lzcnt, sse4a, ht, tsc, tscinvbit, tscinv, bmi1, bmi2, adx, evex, sha, fma

Memory: 4k page, system-wide physical 15645M (3532M free)
TotalPageFile size 34077M (AvailPageFile size 11141M)
current process WorkingSet (physical memory assigned to process): 267M, peak: 267M
current process commit charge ("private bytes"): 558M, peak: 559M

vm_info: OpenJDK 64-Bit Server VM (11.0.25+9-LTS) for windows-amd64 JRE (11.0.25+9-LTS), built on Oct 10 2024 00:01:59 by "Administrator" with MS VC++ 16.10 / 16.11 (VS2019)

END.
